0 info it worked if it ends with ok
1 verbose cli [ '/usr/local/Cellar/node/7.5.0/bin/node',
1 verbose cli   '/usr/local/bin/npm',
1 verbose cli   'upgrade',
1 verbose cli   '-g' ]
2 info using npm@4.1.2
3 info using node@v7.5.0
4 silly mapToRegistry name biblet
5 silly mapToRegistry using default registry
6 silly mapToRegistry registry https://registry.npmjs.org/
7 silly mapToRegistry data Result {
7 silly mapToRegistry   raw: 'biblet',
7 silly mapToRegistry   scope: null,
7 silly mapToRegistry   escapedName: 'biblet',
7 silly mapToRegistry   name: 'biblet',
7 silly mapToRegistry   rawSpec: '',
7 silly mapToRegistry   spec: 'latest',
7 silly mapToRegistry   type: 'tag' }
8 silly mapToRegistry uri https://registry.npmjs.org/biblet
9 silly mapToRegistry name electron-prebuilt
10 silly mapToRegistry using default registry
11 silly mapToRegistry registry https://registry.npmjs.org/
12 silly mapToRegistry data Result {
12 silly mapToRegistry   raw: 'electron-prebuilt',
12 silly mapToRegistry   scope: null,
12 silly mapToRegistry   escapedName: 'electron-prebuilt',
12 silly mapToRegistry   name: 'electron-prebuilt',
12 silly mapToRegistry   rawSpec: '',
12 silly mapToRegistry   spec: 'latest',
12 silly mapToRegistry   type: 'tag' }
13 silly mapToRegistry uri https://registry.npmjs.org/electron-prebuilt
14 silly mapToRegistry name enclose
15 silly mapToRegistry using default registry
16 silly mapToRegistry registry https://registry.npmjs.org/
17 silly mapToRegistry data Result {
17 silly mapToRegistry   raw: 'enclose',
17 silly mapToRegistry   scope: null,
17 silly mapToRegistry   escapedName: 'enclose',
17 silly mapToRegistry   name: 'enclose',
17 silly mapToRegistry   rawSpec: '',
17 silly mapToRegistry   spec: 'latest',
17 silly mapToRegistry   type: 'tag' }
18 silly mapToRegistry uri https://registry.npmjs.org/enclose
19 silly mapToRegistry name eslint
20 silly mapToRegistry using default registry
21 silly mapToRegistry registry https://registry.npmjs.org/
22 silly mapToRegistry data Result {
22 silly mapToRegistry   raw: 'eslint',
22 silly mapToRegistry   scope: null,
22 silly mapToRegistry   escapedName: 'eslint',
22 silly mapToRegistry   name: 'eslint',
22 silly mapToRegistry   rawSpec: '',
22 silly mapToRegistry   spec: 'latest',
22 silly mapToRegistry   type: 'tag' }
23 silly mapToRegistry uri https://registry.npmjs.org/eslint
24 silly mapToRegistry name eslint-config-angular
25 silly mapToRegistry using default registry
26 silly mapToRegistry registry https://registry.npmjs.org/
27 silly mapToRegistry data Result {
27 silly mapToRegistry   raw: 'eslint-config-angular',
27 silly mapToRegistry   scope: null,
27 silly mapToRegistry   escapedName: 'eslint-config-angular',
27 silly mapToRegistry   name: 'eslint-config-angular',
27 silly mapToRegistry   rawSpec: '',
27 silly mapToRegistry   spec: 'latest',
27 silly mapToRegistry   type: 'tag' }
28 silly mapToRegistry uri https://registry.npmjs.org/eslint-config-angular
29 silly mapToRegistry name eslint-config-defaults
30 silly mapToRegistry using default registry
31 silly mapToRegistry registry https://registry.npmjs.org/
32 silly mapToRegistry data Result {
32 silly mapToRegistry   raw: 'eslint-config-defaults',
32 silly mapToRegistry   scope: null,
32 silly mapToRegistry   escapedName: 'eslint-config-defaults',
32 silly mapToRegistry   name: 'eslint-config-defaults',
32 silly mapToRegistry   rawSpec: '',
32 silly mapToRegistry   spec: 'latest',
32 silly mapToRegistry   type: 'tag' }
33 silly mapToRegistry uri https://registry.npmjs.org/eslint-config-defaults
34 silly mapToRegistry name eslint-plugin-angular
35 silly mapToRegistry using default registry
36 silly mapToRegistry registry https://registry.npmjs.org/
37 silly mapToRegistry data Result {
37 silly mapToRegistry   raw: 'eslint-plugin-angular',
37 silly mapToRegistry   scope: null,
37 silly mapToRegistry   escapedName: 'eslint-plugin-angular',
37 silly mapToRegistry   name: 'eslint-plugin-angular',
37 silly mapToRegistry   rawSpec: '',
37 silly mapToRegistry   spec: 'latest',
37 silly mapToRegistry   type: 'tag' }
38 silly mapToRegistry uri https://registry.npmjs.org/eslint-plugin-angular
39 silly mapToRegistry name express
40 silly mapToRegistry using default registry
41 silly mapToRegistry registry https://registry.npmjs.org/
42 silly mapToRegistry data Result {
42 silly mapToRegistry   raw: 'express',
42 silly mapToRegistry   scope: null,
42 silly mapToRegistry   escapedName: 'express',
42 silly mapToRegistry   name: 'express',
42 silly mapToRegistry   rawSpec: '',
42 silly mapToRegistry   spec: 'latest',
42 silly mapToRegistry   type: 'tag' }
43 silly mapToRegistry uri https://registry.npmjs.org/express
44 silly mapToRegistry name gatsby
45 silly mapToRegistry using default registry
46 silly mapToRegistry registry https://registry.npmjs.org/
47 silly mapToRegistry data Result {
47 silly mapToRegistry   raw: 'gatsby',
47 silly mapToRegistry   scope: null,
47 silly mapToRegistry   escapedName: 'gatsby',
47 silly mapToRegistry   name: 'gatsby',
47 silly mapToRegistry   rawSpec: '',
47 silly mapToRegistry   spec: 'latest',
47 silly mapToRegistry   type: 'tag' }
48 silly mapToRegistry uri https://registry.npmjs.org/gatsby
49 silly mapToRegistry name generator-angular
50 silly mapToRegistry using default registry
51 silly mapToRegistry registry https://registry.npmjs.org/
52 silly mapToRegistry data Result {
52 silly mapToRegistry   raw: 'generator-angular',
52 silly mapToRegistry   scope: null,
52 silly mapToRegistry   escapedName: 'generator-angular',
52 silly mapToRegistry   name: 'generator-angular',
52 silly mapToRegistry   rawSpec: '',
52 silly mapToRegistry   spec: 'latest',
52 silly mapToRegistry   type: 'tag' }
53 silly mapToRegistry uri https://registry.npmjs.org/generator-angular
54 silly mapToRegistry name generator-angular2
55 silly mapToRegistry using default registry
56 silly mapToRegistry registry https://registry.npmjs.org/
57 silly mapToRegistry data Result {
57 silly mapToRegistry   raw: 'generator-angular2',
57 silly mapToRegistry   scope: null,
57 silly mapToRegistry   escapedName: 'generator-angular2',
57 silly mapToRegistry   name: 'generator-angular2',
57 silly mapToRegistry   rawSpec: '',
57 silly mapToRegistry   spec: 'latest',
57 silly mapToRegistry   type: 'tag' }
58 silly mapToRegistry uri https://registry.npmjs.org/generator-angular2
59 silly mapToRegistry name generator-angularexpress
60 silly mapToRegistry using default registry
61 silly mapToRegistry registry https://registry.npmjs.org/
62 silly mapToRegistry data Result {
62 silly mapToRegistry   raw: 'generator-angularexpress',
62 silly mapToRegistry   scope: null,
62 silly mapToRegistry   escapedName: 'generator-angularexpress',
62 silly mapToRegistry   name: 'generator-angularexpress',
62 silly mapToRegistry   rawSpec: '',
62 silly mapToRegistry   spec: 'latest',
62 silly mapToRegistry   type: 'tag' }
63 silly mapToRegistry uri https://registry.npmjs.org/generator-angularexpress
64 silly mapToRegistry name generator-electron
65 silly mapToRegistry using default registry
66 silly mapToRegistry registry https://registry.npmjs.org/
67 silly mapToRegistry data Result {
67 silly mapToRegistry   raw: 'generator-electron',
67 silly mapToRegistry   scope: null,
67 silly mapToRegistry   escapedName: 'generator-electron',
67 silly mapToRegistry   name: 'generator-electron',
67 silly mapToRegistry   rawSpec: '',
67 silly mapToRegistry   spec: 'latest',
67 silly mapToRegistry   type: 'tag' }
68 silly mapToRegistry uri https://registry.npmjs.org/generator-electron
69 silly mapToRegistry name gulp
70 silly mapToRegistry using default registry
71 silly mapToRegistry registry https://registry.npmjs.org/
72 silly mapToRegistry data Result {
72 silly mapToRegistry   raw: 'gulp',
72 silly mapToRegistry   scope: null,
72 silly mapToRegistry   escapedName: 'gulp',
72 silly mapToRegistry   name: 'gulp',
72 silly mapToRegistry   rawSpec: '',
72 silly mapToRegistry   spec: 'latest',
72 silly mapToRegistry   type: 'tag' }
73 silly mapToRegistry uri https://registry.npmjs.org/gulp
74 silly mapToRegistry name http-server
75 silly mapToRegistry using default registry
76 silly mapToRegistry registry https://registry.npmjs.org/
77 silly mapToRegistry data Result {
77 silly mapToRegistry   raw: 'http-server',
77 silly mapToRegistry   scope: null,
77 silly mapToRegistry   escapedName: 'http-server',
77 silly mapToRegistry   name: 'http-server',
77 silly mapToRegistry   rawSpec: '',
77 silly mapToRegistry   spec: 'latest',
77 silly mapToRegistry   type: 'tag' }
78 silly mapToRegistry uri https://registry.npmjs.org/http-server
79 silly mapToRegistry name nodemon
80 silly mapToRegistry using default registry
81 silly mapToRegistry registry https://registry.npmjs.org/
82 silly mapToRegistry data Result {
82 silly mapToRegistry   raw: 'nodemon',
82 silly mapToRegistry   scope: null,
82 silly mapToRegistry   escapedName: 'nodemon',
82 silly mapToRegistry   name: 'nodemon',
82 silly mapToRegistry   rawSpec: '',
82 silly mapToRegistry   spec: 'latest',
82 silly mapToRegistry   type: 'tag' }
83 silly mapToRegistry uri https://registry.npmjs.org/nodemon
84 silly mapToRegistry name npm
85 silly mapToRegistry using default registry
86 silly mapToRegistry registry https://registry.npmjs.org/
87 silly mapToRegistry data Result {
87 silly mapToRegistry   raw: 'npm',
87 silly mapToRegistry   scope: null,
87 silly mapToRegistry   escapedName: 'npm',
87 silly mapToRegistry   name: 'npm',
87 silly mapToRegistry   rawSpec: '',
87 silly mapToRegistry   spec: 'latest',
87 silly mapToRegistry   type: 'tag' }
88 silly mapToRegistry uri https://registry.npmjs.org/npm
89 silly mapToRegistry name tern
90 silly mapToRegistry using default registry
91 silly mapToRegistry registry https://registry.npmjs.org/
92 silly mapToRegistry data Result {
92 silly mapToRegistry   raw: 'tern',
92 silly mapToRegistry   scope: null,
92 silly mapToRegistry   escapedName: 'tern',
92 silly mapToRegistry   name: 'tern',
92 silly mapToRegistry   rawSpec: '',
92 silly mapToRegistry   spec: 'latest',
92 silly mapToRegistry   type: 'tag' }
93 silly mapToRegistry uri https://registry.npmjs.org/tern
94 silly mapToRegistry name tslint
95 silly mapToRegistry using default registry
96 silly mapToRegistry registry https://registry.npmjs.org/
97 silly mapToRegistry data Result {
97 silly mapToRegistry   raw: 'tslint',
97 silly mapToRegistry   scope: null,
97 silly mapToRegistry   escapedName: 'tslint',
97 silly mapToRegistry   name: 'tslint',
97 silly mapToRegistry   rawSpec: '',
97 silly mapToRegistry   spec: 'latest',
97 silly mapToRegistry   type: 'tag' }
98 silly mapToRegistry uri https://registry.npmjs.org/tslint
99 silly mapToRegistry name tslint-fix
100 silly mapToRegistry using default registry
101 silly mapToRegistry registry https://registry.npmjs.org/
102 silly mapToRegistry data Result {
102 silly mapToRegistry   raw: 'tslint-fix',
102 silly mapToRegistry   scope: null,
102 silly mapToRegistry   escapedName: 'tslint-fix',
102 silly mapToRegistry   name: 'tslint-fix',
102 silly mapToRegistry   rawSpec: '',
102 silly mapToRegistry   spec: 'latest',
102 silly mapToRegistry   type: 'tag' }
103 silly mapToRegistry uri https://registry.npmjs.org/tslint-fix
104 silly mapToRegistry name typescript
105 silly mapToRegistry using default registry
106 silly mapToRegistry registry https://registry.npmjs.org/
107 silly mapToRegistry data Result {
107 silly mapToRegistry   raw: 'typescript',
107 silly mapToRegistry   scope: null,
107 silly mapToRegistry   escapedName: 'typescript',
107 silly mapToRegistry   name: 'typescript',
107 silly mapToRegistry   rawSpec: '',
107 silly mapToRegistry   spec: 'latest',
107 silly mapToRegistry   type: 'tag' }
108 silly mapToRegistry uri https://registry.npmjs.org/typescript
109 silly mapToRegistry name webpack
110 silly mapToRegistry using default registry
111 silly mapToRegistry registry https://registry.npmjs.org/
112 silly mapToRegistry data Result {
112 silly mapToRegistry   raw: 'webpack',
112 silly mapToRegistry   scope: null,
112 silly mapToRegistry   escapedName: 'webpack',
112 silly mapToRegistry   name: 'webpack',
112 silly mapToRegistry   rawSpec: '',
112 silly mapToRegistry   spec: 'latest',
112 silly mapToRegistry   type: 'tag' }
113 silly mapToRegistry uri https://registry.npmjs.org/webpack
114 silly mapToRegistry name webpack-dev-server
115 silly mapToRegistry using default registry
116 silly mapToRegistry registry https://registry.npmjs.org/
117 silly mapToRegistry data Result {
117 silly mapToRegistry   raw: 'webpack-dev-server',
117 silly mapToRegistry   scope: null,
117 silly mapToRegistry   escapedName: 'webpack-dev-server',
117 silly mapToRegistry   name: 'webpack-dev-server',
117 silly mapToRegistry   rawSpec: '',
117 silly mapToRegistry   spec: 'latest',
117 silly mapToRegistry   type: 'tag' }
118 silly mapToRegistry uri https://registry.npmjs.org/webpack-dev-server
119 silly mapToRegistry name yarn
120 silly mapToRegistry using default registry
121 silly mapToRegistry registry https://registry.npmjs.org/
122 silly mapToRegistry data Result {
122 silly mapToRegistry   raw: 'yarn',
122 silly mapToRegistry   scope: null,
122 silly mapToRegistry   escapedName: 'yarn',
122 silly mapToRegistry   name: 'yarn',
122 silly mapToRegistry   rawSpec: '',
122 silly mapToRegistry   spec: 'latest',
122 silly mapToRegistry   type: 'tag' }
123 silly mapToRegistry uri https://registry.npmjs.org/yarn
124 silly mapToRegistry name yo
125 silly mapToRegistry using default registry
126 silly mapToRegistry registry https://registry.npmjs.org/
127 silly mapToRegistry data Result {
127 silly mapToRegistry   raw: 'yo',
127 silly mapToRegistry   scope: null,
127 silly mapToRegistry   escapedName: 'yo',
127 silly mapToRegistry   name: 'yo',
127 silly mapToRegistry   rawSpec: '',
127 silly mapToRegistry   spec: 'latest',
127 silly mapToRegistry   type: 'tag' }
128 silly mapToRegistry uri https://registry.npmjs.org/yo
129 verbose request uri https://registry.npmjs.org/biblet
130 verbose request no auth needed
131 info attempt registry request try #1 at 5:28:39 PM
132 verbose request id ee1d6c856d9befcb
133 http request GET https://registry.npmjs.org/biblet
134 verbose request uri https://registry.npmjs.org/enclose
135 verbose request no auth needed
136 info attempt registry request try #1 at 5:28:39 PM
137 verbose etag "8H6BVNDPT4JGCXAKT2GAWLXKS"
138 http request GET https://registry.npmjs.org/enclose
139 verbose request uri https://registry.npmjs.org/eslint-config-angular
140 verbose request no auth needed
141 info attempt registry request try #1 at 5:28:39 PM
142 verbose etag "EO8GN0S0QMG5C1NL4H6ZTOZ77"
143 http request GET https://registry.npmjs.org/eslint-config-angular
144 verbose request uri https://registry.npmjs.org/electron-prebuilt
145 verbose request no auth needed
146 info attempt registry request try #1 at 5:28:39 PM
147 verbose etag "EAXBVL0DSMKMDZH9A7YIRJT7"
148 http request GET https://registry.npmjs.org/electron-prebuilt
149 verbose request uri https://registry.npmjs.org/eslint
150 verbose request no auth needed
151 info attempt registry request try #1 at 5:28:39 PM
152 verbose etag "528AURGZLUO8BJYC1MTTRCR8I"
153 http request GET https://registry.npmjs.org/eslint
154 verbose request uri https://registry.npmjs.org/eslint-plugin-angular
155 verbose request no auth needed
156 info attempt registry request try #1 at 5:28:39 PM
157 verbose etag "8NRZR7NCH3DW0AI9X9S1WVKFQ"
158 http request GET https://registry.npmjs.org/eslint-plugin-angular
159 verbose request uri https://registry.npmjs.org/eslint-config-defaults
160 verbose request no auth needed
161 info attempt registry request try #1 at 5:28:39 PM
162 verbose etag "32S1BSCQIGTG2MK9G1YDP5YLI"
163 http request GET https://registry.npmjs.org/eslint-config-defaults
164 verbose request uri https://registry.npmjs.org/express
165 verbose request no auth needed
166 info attempt registry request try #1 at 5:28:39 PM
167 verbose etag "5QYTAIBJP1UXFGOWG1GY4H9H5"
168 http request GET https://registry.npmjs.org/express
169 verbose request uri https://registry.npmjs.org/generator-angular
170 verbose request no auth needed
171 info attempt registry request try #1 at 5:28:39 PM
172 verbose etag "46DBOG7MJSHKCK5D6KKHXKD5M"
173 http request GET https://registry.npmjs.org/generator-angular
174 verbose request uri https://registry.npmjs.org/gatsby
175 verbose request no auth needed
176 info attempt registry request try #1 at 5:28:39 PM
177 verbose etag W/"581cc556-66e14"
178 verbose lastModified Fri, 04 Nov 2016 17:28:54 GMT
179 http request GET https://registry.npmjs.org/gatsby
180 verbose request uri https://registry.npmjs.org/generator-angular2
181 verbose request no auth needed
182 info attempt registry request try #1 at 5:28:39 PM
183 verbose etag "752YHC9CF782KBQUHHUQRQ311"
184 http request GET https://registry.npmjs.org/generator-angular2
185 verbose request uri https://registry.npmjs.org/generator-angularexpress
186 verbose request no auth needed
187 info attempt registry request try #1 at 5:28:39 PM
188 verbose etag "1L2VDOG9L8ZYCWUHZ3LC8DV4H"
189 http request GET https://registry.npmjs.org/generator-angularexpress
190 verbose request uri https://registry.npmjs.org/generator-electron
191 verbose request no auth needed
192 info attempt registry request try #1 at 5:28:39 PM
193 verbose etag "12ZJ5SL6MQMFQUERXKF6MMVC6"
194 http request GET https://registry.npmjs.org/generator-electron
195 verbose request uri https://registry.npmjs.org/http-server
196 verbose request no auth needed
197 info attempt registry request try #1 at 5:28:39 PM
198 verbose etag W/"582e9159-ea56"
199 verbose lastModified Fri, 18 Nov 2016 05:27:53 GMT
200 http request GET https://registry.npmjs.org/http-server
201 verbose request uri https://registry.npmjs.org/gulp
202 verbose request no auth needed
203 info attempt registry request try #1 at 5:28:39 PM
204 verbose etag "A149MT42UDOMFS9V7SQ8D1POY"
205 http request GET https://registry.npmjs.org/gulp
206 verbose request uri https://registry.npmjs.org/nodemon
207 verbose request no auth needed
208 info attempt registry request try #1 at 5:28:39 PM
209 verbose etag "68P0WTNM877P9P2ZTXQNSOM65"
210 http request GET https://registry.npmjs.org/nodemon
211 verbose request uri https://registry.npmjs.org/tern
212 verbose request no auth needed
213 info attempt registry request try #1 at 5:28:39 PM
214 verbose etag W/"584595d2-bd3d"
215 verbose lastModified Mon, 05 Dec 2016 16:29:06 GMT
216 http request GET https://registry.npmjs.org/tern
217 verbose request uri https://registry.npmjs.org/tslint
218 verbose request no auth needed
219 info attempt registry request try #1 at 5:28:39 PM
220 verbose etag "3RIYKGJI7RWOEC5CXT5JU7ZV2"
221 http request GET https://registry.npmjs.org/tslint
222 verbose request uri https://registry.npmjs.org/tslint-fix
223 verbose request no auth needed
224 info attempt registry request try #1 at 5:28:39 PM
225 verbose etag "E0UXPARMS9MBT4YBNGCV9WS3N"
226 http request GET https://registry.npmjs.org/tslint-fix
227 verbose request uri https://registry.npmjs.org/typescript
228 verbose request no auth needed
229 info attempt registry request try #1 at 5:28:39 PM
230 verbose etag "2BMYDSZ40R6GPMTUD4VHNHUDS"
231 http request GET https://registry.npmjs.org/typescript
232 verbose request uri https://registry.npmjs.org/yarn
233 verbose request no auth needed
234 info attempt registry request try #1 at 5:28:39 PM
235 verbose etag "BRLSHL0JJTHLGM18ELQLJWC1T"
236 http request GET https://registry.npmjs.org/yarn
237 verbose request uri https://registry.npmjs.org/yo
238 verbose request no auth needed
239 info attempt registry request try #1 at 5:28:39 PM
240 verbose etag "7J31B57UEEWVRNCGKALF8D1EB"
241 http request GET https://registry.npmjs.org/yo
242 verbose request uri https://registry.npmjs.org/webpack
243 verbose request no auth needed
244 info attempt registry request try #1 at 5:28:40 PM
245 verbose etag W/"582cb0b7-d211b"
246 verbose lastModified Wed, 16 Nov 2016 19:17:11 GMT
247 http request GET https://registry.npmjs.org/webpack
248 verbose request uri https://registry.npmjs.org/webpack-dev-server
249 verbose request no auth needed
250 info attempt registry request try #1 at 5:28:40 PM
251 verbose etag "1JXOS3PAKKJGLMGT0IGFIVW0J"
252 http request GET https://registry.npmjs.org/webpack-dev-server
253 verbose request uri https://registry.npmjs.org/npm
254 verbose request no auth needed
255 info attempt registry request try #1 at 5:28:40 PM
256 verbose etag "3PCH3LRUVGFQOR2Z9DK7RR1M2"
257 http request GET https://registry.npmjs.org/npm
258 http 200 https://registry.npmjs.org/eslint-config-angular
259 verbose headers { server: 'nginx/1.10.1',
259 verbose headers   'content-type': 'application/json',
259 verbose headers   'last-modified': 'Sun, 22 Jan 2017 09:07:52 GMT',
259 verbose headers   etag: 'W/"58847668-2ef8"',
259 verbose headers   'content-encoding': 'gzip',
259 verbose headers   'cache-control': 'max-age=300',
259 verbose headers   'content-length': '2119',
259 verbose headers   'accept-ranges': 'bytes',
259 verbose headers   date: 'Tue, 07 Feb 2017 22:28:39 GMT',
259 verbose headers   via: '1.1 varnish',
259 verbose headers   age: '134',
259 verbose headers   connection: 'keep-alive',
259 verbose headers   'x-served-by': 'cache-jfk8132-JFK',
259 verbose headers   'x-cache': 'HIT',
259 verbose headers   'x-cache-hits': '71',
259 verbose headers   'x-timer': 'S1486506519.414945,VS0,VE0',
259 verbose headers   vary: 'Accept-Encoding' }
260 silly get cb [ 200,
260 silly get   { server: 'nginx/1.10.1',
260 silly get     'content-type': 'application/json',
260 silly get     'last-modified': 'Sun, 22 Jan 2017 09:07:52 GMT',
260 silly get     etag: 'W/"58847668-2ef8"',
260 silly get     'content-encoding': 'gzip',
260 silly get     'cache-control': 'max-age=300',
260 silly get     'content-length': '2119',
260 silly get     'accept-ranges': 'bytes',
260 silly get     date: 'Tue, 07 Feb 2017 22:28:39 GMT',
260 silly get     via: '1.1 varnish',
260 silly get     age: '134',
260 silly get     connection: 'keep-alive',
260 silly get     'x-served-by': 'cache-jfk8132-JFK',
260 silly get     'x-cache': 'HIT',
260 silly get     'x-cache-hits': '71',
260 silly get     'x-timer': 'S1486506519.414945,VS0,VE0',
260 silly get     vary: 'Accept-Encoding' } ]
261 verbose get saving eslint-config-angular to /Users/wgoodall2019/.npm/registry.npmjs.org/eslint-config-angular/.cache.json
262 verbose correctMkdir /Users/wgoodall2019/.npm correctMkdir not in flight; initializing
263 http 200 https://registry.npmjs.org/generator-angular
264 verbose headers { server: 'nginx/1.10.1',
264 verbose headers   'content-type': 'application/json',
264 verbose headers   'last-modified': 'Thu, 12 Jan 2017 20:36:22 GMT',
264 verbose headers   etag: 'W/"5877e8c6-15340"',
264 verbose headers   'content-encoding': 'gzip',
264 verbose headers   'cache-control': 'max-age=300',
264 verbose headers   'content-length': '9417',
264 verbose headers   'accept-ranges': 'bytes',
264 verbose headers   date: 'Tue, 07 Feb 2017 22:28:39 GMT',
264 verbose headers   via: '1.1 varnish',
264 verbose headers   age: '0',
264 verbose headers   connection: 'keep-alive',
264 verbose headers   'x-served-by': 'cache-jfk8128-JFK',
264 verbose headers   'x-cache': 'MISS',
264 verbose headers   'x-cache-hits': '0',
264 verbose headers   'x-timer': 'S1486506519.419734,VS0,VE10',
264 verbose headers   vary: 'Accept-Encoding' }
265 silly get cb [ 200,
265 silly get   { server: 'nginx/1.10.1',
265 silly get     'content-type': 'application/json',
265 silly get     'last-modified': 'Thu, 12 Jan 2017 20:36:22 GMT',
265 silly get     etag: 'W/"5877e8c6-15340"',
265 silly get     'content-encoding': 'gzip',
265 silly get     'cache-control': 'max-age=300',
265 silly get     'content-length': '9417',
265 silly get     'accept-ranges': 'bytes',
265 silly get     date: 'Tue, 07 Feb 2017 22:28:39 GMT',
265 silly get     via: '1.1 varnish',
265 silly get     age: '0',
265 silly get     connection: 'keep-alive',
265 silly get     'x-served-by': 'cache-jfk8128-JFK',
265 silly get     'x-cache': 'MISS',
265 silly get     'x-cache-hits': '0',
265 silly get     'x-timer': 'S1486506519.419734,VS0,VE10',
265 silly get     vary: 'Accept-Encoding' } ]
266 verbose get saving generator-angular to /Users/wgoodall2019/.npm/registry.npmjs.org/generator-angular/.cache.json
267 verbose correctMkdir /Users/wgoodall2019/.npm correctMkdir not in flight; initializing
268 http 200 https://registry.npmjs.org/enclose
269 verbose headers { server: 'nginx/1.10.1',
269 verbose headers   'content-type': 'application/json',
269 verbose headers   'last-modified': 'Tue, 20 Dec 2016 08:21:50 GMT',
269 verbose headers   etag: 'W/"5858ea1e-6936"',
269 verbose headers   'content-encoding': 'gzip',
269 verbose headers   'cache-control': 'max-age=300',
269 verbose headers   'content-length': '5453',
269 verbose headers   'accept-ranges': 'bytes',
269 verbose headers   date: 'Tue, 07 Feb 2017 22:28:39 GMT',
269 verbose headers   via: '1.1 varnish',
269 verbose headers   age: '0',
269 verbose headers   connection: 'keep-alive',
269 verbose headers   'x-served-by': 'cache-jfk8142-JFK',
269 verbose headers   'x-cache': 'MISS',
269 verbose headers   'x-cache-hits': '0',
269 verbose headers   'x-timer': 'S1486506519.414963,VS0,VE47',
269 verbose headers   vary: 'Accept-Encoding' }
270 silly get cb [ 200,
270 silly get   { server: 'nginx/1.10.1',
270 silly get     'content-type': 'application/json',
270 silly get     'last-modified': 'Tue, 20 Dec 2016 08:21:50 GMT',
270 silly get     etag: 'W/"5858ea1e-6936"',
270 silly get     'content-encoding': 'gzip',
270 silly get     'cache-control': 'max-age=300',
270 silly get     'content-length': '5453',
270 silly get     'accept-ranges': 'bytes',
270 silly get     date: 'Tue, 07 Feb 2017 22:28:39 GMT',
270 silly get     via: '1.1 varnish',
270 silly get     age: '0',
270 silly get     connection: 'keep-alive',
270 silly get     'x-served-by': 'cache-jfk8142-JFK',
270 silly get     'x-cache': 'MISS',
270 silly get     'x-cache-hits': '0',
270 silly get     'x-timer': 'S1486506519.414963,VS0,VE47',
270 silly get     vary: 'Accept-Encoding' } ]
271 verbose get saving enclose to /Users/wgoodall2019/.npm/registry.npmjs.org/enclose/.cache.json
272 verbose correctMkdir /Users/wgoodall2019/.npm correctMkdir not in flight; initializing
273 http 200 https://registry.npmjs.org/eslint
274 verbose headers { server: 'nginx/1.10.1',
274 verbose headers   'content-type': 'application/json',
274 verbose headers   'last-modified': 'Tue, 07 Feb 2017 19:29:29 GMT',
274 verbose headers   etag: 'W/"589a2019-672e3"',
274 verbose headers   'content-encoding': 'gzip',
274 verbose headers   'cache-control': 'max-age=300',
274 verbose headers   'content-length': '25575',
274 verbose headers   'accept-ranges': 'bytes',
274 verbose headers   date: 'Tue, 07 Feb 2017 22:28:39 GMT',
274 verbose headers   via: '1.1 varnish',
274 verbose headers   age: '134',
274 verbose headers   connection: 'keep-alive',
274 verbose headers   'x-served-by': 'cache-jfk8135-JFK',
274 verbose headers   'x-cache': 'HIT',
274 verbose headers   'x-cache-hits': '2',
274 verbose headers   'x-timer': 'S1486506519.414864,VS0,VE0',
274 verbose headers   vary: 'Accept-Encoding' }
275 silly get cb [ 200,
275 silly get   { server: 'nginx/1.10.1',
275 silly get     'content-type': 'application/json',
275 silly get     'last-modified': 'Tue, 07 Feb 2017 19:29:29 GMT',
275 silly get     etag: 'W/"589a2019-672e3"',
275 silly get     'content-encoding': 'gzip',
275 silly get     'cache-control': 'max-age=300',
275 silly get     'content-length': '25575',
275 silly get     'accept-ranges': 'bytes',
275 silly get     date: 'Tue, 07 Feb 2017 22:28:39 GMT',
275 silly get     via: '1.1 varnish',
275 silly get     age: '134',
275 silly get     connection: 'keep-alive',
275 silly get     'x-served-by': 'cache-jfk8135-JFK',
275 silly get     'x-cache': 'HIT',
275 silly get     'x-cache-hits': '2',
275 silly get     'x-timer': 'S1486506519.414864,VS0,VE0',
275 silly get     vary: 'Accept-Encoding' } ]
276 verbose get saving eslint to /Users/wgoodall2019/.npm/registry.npmjs.org/eslint/.cache.json
277 verbose correctMkdir /Users/wgoodall2019/.npm correctMkdir not in flight; initializing
278 http 200 https://registry.npmjs.org/eslint-config-defaults
279 verbose headers { server: 'nginx/1.10.1',
279 verbose headers   'content-type': 'application/json',
279 verbose headers   'last-modified': 'Wed, 26 Oct 2016 15:42:34 GMT',
279 verbose headers   etag: 'W/"5810ceea-d67c"',
279 verbose headers   'content-encoding': 'gzip',
279 verbose headers   'cache-control': 'max-age=300',
279 verbose headers   'content-length': '6745',
279 verbose headers   'accept-ranges': 'bytes',
279 verbose headers   date: 'Tue, 07 Feb 2017 22:28:39 GMT',
279 verbose headers   via: '1.1 varnish',
279 verbose headers   age: '0',
279 verbose headers   connection: 'keep-alive',
279 verbose headers   'x-served-by': 'cache-jfk8124-JFK',
279 verbose headers   'x-cache': 'MISS',
279 verbose headers   'x-cache-hits': '0',
279 verbose headers   'x-timer': 'S1486506519.471035,VS0,VE13',
279 verbose headers   vary: 'Accept-Encoding' }
280 silly get cb [ 200,
280 silly get   { server: 'nginx/1.10.1',
280 silly get     'content-type': 'application/json',
280 silly get     'last-modified': 'Wed, 26 Oct 2016 15:42:34 GMT',
280 silly get     etag: 'W/"5810ceea-d67c"',
280 silly get     'content-encoding': 'gzip',
280 silly get     'cache-control': 'max-age=300',
280 silly get     'content-length': '6745',
280 silly get     'accept-ranges': 'bytes',
280 silly get     date: 'Tue, 07 Feb 2017 22:28:39 GMT',
280 silly get     via: '1.1 varnish',
280 silly get     age: '0',
280 silly get     connection: 'keep-alive',
280 silly get     'x-served-by': 'cache-jfk8124-JFK',
280 silly get     'x-cache': 'MISS',
280 silly get     'x-cache-hits': '0',
280 silly get     'x-timer': 'S1486506519.471035,VS0,VE13',
280 silly get     vary: 'Accept-Encoding' } ]
281 verbose get saving eslint-config-defaults to /Users/wgoodall2019/.npm/registry.npmjs.org/eslint-config-defaults/.cache.json
282 verbose correctMkdir /Users/wgoodall2019/.npm correctMkdir not in flight; initializing
283 http 200 https://registry.npmjs.org/eslint-plugin-angular
284 verbose headers { server: 'nginx/1.10.1',
284 verbose headers   'content-type': 'application/json',
284 verbose headers   'last-modified': 'Mon, 26 Dec 2016 16:25:30 GMT',
284 verbose headers   etag: 'W/"5861447a-175d3"',
284 verbose headers   'content-encoding': 'gzip',
284 verbose headers   'cache-control': 'max-age=300',
284 verbose headers   'content-length': '12043',
284 verbose headers   'accept-ranges': 'bytes',
284 verbose headers   date: 'Tue, 07 Feb 2017 22:28:39 GMT',
284 verbose headers   via: '1.1 varnish',
284 verbose headers   age: '134',
284 verbose headers   connection: 'keep-alive',
284 verbose headers   'x-served-by': 'cache-jfk8131-JFK',
284 verbose headers   'x-cache': 'HIT',
284 verbose headers   'x-cache-hits': '1',
284 verbose headers   'x-timer': 'S1486506519.470395,VS0,VE0',
284 verbose headers   vary: 'Accept-Encoding' }
285 silly get cb [ 200,
285 silly get   { server: 'nginx/1.10.1',
285 silly get     'content-type': 'application/json',
285 silly get     'last-modified': 'Mon, 26 Dec 2016 16:25:30 GMT',
285 silly get     etag: 'W/"5861447a-175d3"',
285 silly get     'content-encoding': 'gzip',
285 silly get     'cache-control': 'max-age=300',
285 silly get     'content-length': '12043',
285 silly get     'accept-ranges': 'bytes',
285 silly get     date: 'Tue, 07 Feb 2017 22:28:39 GMT',
285 silly get     via: '1.1 varnish',
285 silly get     age: '134',
285 silly get     connection: 'keep-alive',
285 silly get     'x-served-by': 'cache-jfk8131-JFK',
285 silly get     'x-cache': 'HIT',
285 silly get     'x-cache-hits': '1',
285 silly get     'x-timer': 'S1486506519.470395,VS0,VE0',
285 silly get     vary: 'Accept-Encoding' } ]
286 verbose get saving eslint-plugin-angular to /Users/wgoodall2019/.npm/registry.npmjs.org/eslint-plugin-angular/.cache.json
287 verbose correctMkdir /Users/wgoodall2019/.npm correctMkdir not in flight; initializing
288 http 200 https://registry.npmjs.org/tslint-fix
289 verbose headers { server: 'nginx/1.10.1',
289 verbose headers   'content-type': 'application/json',
289 verbose headers   'last-modified': 'Fri, 29 Jul 2016 15:16:48 GMT',
289 verbose headers   etag: 'W/"579b7360-d73"',
289 verbose headers   'content-encoding': 'gzip',
289 verbose headers   'cache-control': 'max-age=300',
289 verbose headers   'content-length': '1327',
289 verbose headers   'accept-ranges': 'bytes',
289 verbose headers   date: 'Tue, 07 Feb 2017 22:28:39 GMT',
289 verbose headers   via: '1.1 varnish',
289 verbose headers   age: '0',
289 verbose headers   connection: 'keep-alive',
289 verbose headers   'x-served-by': 'cache-jfk8120-JFK',
289 verbose headers   'x-cache': 'MISS',
289 verbose headers   'x-cache-hits': '0',
289 verbose headers   'x-timer': 'S1486506519.578319,VS0,VE31',
289 verbose headers   vary: 'Accept-Encoding' }
290 silly get cb [ 200,
290 silly get   { server: 'nginx/1.10.1',
290 silly get     'content-type': 'application/json',
290 silly get     'last-modified': 'Fri, 29 Jul 2016 15:16:48 GMT',
290 silly get     etag: 'W/"579b7360-d73"',
290 silly get     'content-encoding': 'gzip',
290 silly get     'cache-control': 'max-age=300',
290 silly get     'content-length': '1327',
290 silly get     'accept-ranges': 'bytes',
290 silly get     date: 'Tue, 07 Feb 2017 22:28:39 GMT',
290 silly get     via: '1.1 varnish',
290 silly get     age: '0',
290 silly get     connection: 'keep-alive',
290 silly get     'x-served-by': 'cache-jfk8120-JFK',
290 silly get     'x-cache': 'MISS',
290 silly get     'x-cache-hits': '0',
290 silly get     'x-timer': 'S1486506519.578319,VS0,VE31',
290 silly get     vary: 'Accept-Encoding' } ]
291 verbose get saving tslint-fix to /Users/wgoodall2019/.npm/registry.npmjs.org/tslint-fix/.cache.json
292 verbose correctMkdir /Users/wgoodall2019/.npm correctMkdir not in flight; initializing
293 http 200 https://registry.npmjs.org/generator-angular2
294 verbose headers { server: 'nginx/1.10.1',
294 verbose headers   'content-type': 'application/json',
294 verbose headers   'last-modified': 'Mon, 15 Feb 2016 19:50:09 GMT',
294 verbose headers   etag: 'W/"56c22bf1-6743"',
294 verbose headers   'content-encoding': 'gzip',
294 verbose headers   'cache-control': 'max-age=300',
294 verbose headers   'content-length': '3530',
294 verbose headers   'accept-ranges': 'bytes',
294 verbose headers   date: 'Tue, 07 Feb 2017 22:28:39 GMT',
294 verbose headers   via: '1.1 varnish',
294 verbose headers   age: '0',
294 verbose headers   connection: 'keep-alive',
294 verbose headers   'x-served-by': 'cache-jfk8142-JFK',
294 verbose headers   'x-cache': 'MISS',
294 verbose headers   'x-cache-hits': '0',
294 verbose headers   'x-timer': 'S1486506519.578727,VS0,VE31',
294 verbose headers   vary: 'Accept-Encoding' }
295 silly get cb [ 200,
295 silly get   { server: 'nginx/1.10.1',
295 silly get     'content-type': 'application/json',
295 silly get     'last-modified': 'Mon, 15 Feb 2016 19:50:09 GMT',
295 silly get     etag: 'W/"56c22bf1-6743"',
295 silly get     'content-encoding': 'gzip',
295 silly get     'cache-control': 'max-age=300',
295 silly get     'content-length': '3530',
295 silly get     'accept-ranges': 'bytes',
295 silly get     date: 'Tue, 07 Feb 2017 22:28:39 GMT',
295 silly get     via: '1.1 varnish',
295 silly get     age: '0',
295 silly get     connection: 'keep-alive',
295 silly get     'x-served-by': 'cache-jfk8142-JFK',
295 silly get     'x-cache': 'MISS',
295 silly get     'x-cache-hits': '0',
295 silly get     'x-timer': 'S1486506519.578727,VS0,VE31',
295 silly get     vary: 'Accept-Encoding' } ]
296 verbose get saving generator-angular2 to /Users/wgoodall2019/.npm/registry.npmjs.org/generator-angular2/.cache.json
297 verbose correctMkdir /Users/wgoodall2019/.npm correctMkdir not in flight; initializing
298 http 200 https://registry.npmjs.org/tern
299 verbose headers { server: 'nginx/1.10.1',
299 verbose headers   'content-type': 'application/json',
299 verbose headers   'last-modified': 'Tue, 07 Feb 2017 12:18:41 GMT',
299 verbose headers   etag: 'W/"5899bb21-bd2a"',
299 verbose headers   'content-encoding': 'gzip',
299 verbose headers   'cache-control': 'max-age=300',
299 verbose headers   'content-length': '5011',
299 verbose headers   'accept-ranges': 'bytes',
299 verbose headers   date: 'Tue, 07 Feb 2017 22:28:39 GMT',
299 verbose headers   via: '1.1 varnish',
299 verbose headers   age: '77',
299 verbose headers   connection: 'keep-alive',
299 verbose headers   'x-served-by': 'cache-jfk8138-JFK',
299 verbose headers   'x-cache': 'HIT',
299 verbose headers   'x-cache-hits': '1',
299 verbose headers   'x-timer': 'S1486506519.578566,VS0,VE0',
299 verbose headers   vary: 'Accept-Encoding' }
300 silly get cb [ 200,
300 silly get   { server: 'nginx/1.10.1',
300 silly get     'content-type': 'application/json',
300 silly get     'last-modified': 'Tue, 07 Feb 2017 12:18:41 GMT',
300 silly get     etag: 'W/"5899bb21-bd2a"',
300 silly get     'content-encoding': 'gzip',
300 silly get     'cache-control': 'max-age=300',
300 silly get     'content-length': '5011',
300 silly get     'accept-ranges': 'bytes',
300 silly get     date: 'Tue, 07 Feb 2017 22:28:39 GMT',
300 silly get     via: '1.1 varnish',
300 silly get     age: '77',
300 silly get     connection: 'keep-alive',
300 silly get     'x-served-by': 'cache-jfk8138-JFK',
300 silly get     'x-cache': 'HIT',
300 silly get     'x-cache-hits': '1',
300 silly get     'x-timer': 'S1486506519.578566,VS0,VE0',
300 silly get     vary: 'Accept-Encoding' } ]
301 verbose get saving tern to /Users/wgoodall2019/.npm/registry.npmjs.org/tern/.cache.json
302 verbose correctMkdir /Users/wgoodall2019/.npm correctMkdir not in flight; initializing
303 http 200 https://registry.npmjs.org/http-server
304 verbose headers { server: 'nginx/1.10.1',
304 verbose headers   'content-type': 'application/json',
304 verbose headers   'last-modified': 'Fri, 03 Feb 2017 03:39:28 GMT',
304 verbose headers   etag: 'W/"5893fb70-ecea"',
304 verbose headers   'content-encoding': 'gzip',
304 verbose headers   'cache-control': 'max-age=300',
304 verbose headers   'content-length': '7936',
304 verbose headers   'accept-ranges': 'bytes',
304 verbose headers   date: 'Tue, 07 Feb 2017 22:28:39 GMT',
304 verbose headers   via: '1.1 varnish',
304 verbose headers   age: '220',
304 verbose headers   connection: 'keep-alive',
304 verbose headers   'x-served-by': 'cache-jfk8137-JFK',
304 verbose headers   'x-cache': 'HIT',
304 verbose headers   'x-cache-hits': '2',
304 verbose headers   'x-timer': 'S1486506519.583327,VS0,VE0',
304 verbose headers   vary: 'Accept-Encoding' }
305 silly get cb [ 200,
305 silly get   { server: 'nginx/1.10.1',
305 silly get     'content-type': 'application/json',
305 silly get     'last-modified': 'Fri, 03 Feb 2017 03:39:28 GMT',
305 silly get     etag: 'W/"5893fb70-ecea"',
305 silly get     'content-encoding': 'gzip',
305 silly get     'cache-control': 'max-age=300',
305 silly get     'content-length': '7936',
305 silly get     'accept-ranges': 'bytes',
305 silly get     date: 'Tue, 07 Feb 2017 22:28:39 GMT',
305 silly get     via: '1.1 varnish',
305 silly get     age: '220',
305 silly get     connection: 'keep-alive',
305 silly get     'x-served-by': 'cache-jfk8137-JFK',
305 silly get     'x-cache': 'HIT',
305 silly get     'x-cache-hits': '2',
305 silly get     'x-timer': 'S1486506519.583327,VS0,VE0',
305 silly get     vary: 'Accept-Encoding' } ]
306 verbose get saving http-server to /Users/wgoodall2019/.npm/registry.npmjs.org/http-server/.cache.json
307 verbose correctMkdir /Users/wgoodall2019/.npm correctMkdir not in flight; initializing
308 http 200 https://registry.npmjs.org/generator-angularexpress
309 verbose headers { server: 'nginx/1.10.1',
309 verbose headers   'content-type': 'application/json',
309 verbose headers   'last-modified': 'Thu, 07 Nov 2013 23:32:42 GMT',
309 verbose headers   etag: 'W/"527c231a-e4e6"',
309 verbose headers   'content-encoding': 'gzip',
309 verbose headers   'cache-control': 'max-age=300',
309 verbose headers   'content-length': '4739',
309 verbose headers   'accept-ranges': 'bytes',
309 verbose headers   date: 'Tue, 07 Feb 2017 22:28:39 GMT',
309 verbose headers   via: '1.1 varnish',
309 verbose headers   age: '0',
309 verbose headers   connection: 'keep-alive',
309 verbose headers   'x-served-by': 'cache-jfk8145-JFK',
309 verbose headers   'x-cache': 'MISS',
309 verbose headers   'x-cache-hits': '0',
309 verbose headers   'x-timer': 'S1486506519.583045,VS0,VE7',
309 verbose headers   vary: 'Accept-Encoding' }
310 silly get cb [ 200,
310 silly get   { server: 'nginx/1.10.1',
310 silly get     'content-type': 'application/json',
310 silly get     'last-modified': 'Thu, 07 Nov 2013 23:32:42 GMT',
310 silly get     etag: 'W/"527c231a-e4e6"',
310 silly get     'content-encoding': 'gzip',
310 silly get     'cache-control': 'max-age=300',
310 silly get     'content-length': '4739',
310 silly get     'accept-ranges': 'bytes',
310 silly get     date: 'Tue, 07 Feb 2017 22:28:39 GMT',
310 silly get     via: '1.1 varnish',
310 silly get     age: '0',
310 silly get     connection: 'keep-alive',
310 silly get     'x-served-by': 'cache-jfk8145-JFK',
310 silly get     'x-cache': 'MISS',
310 silly get     'x-cache-hits': '0',
310 silly get     'x-timer': 'S1486506519.583045,VS0,VE7',
310 silly get     vary: 'Accept-Encoding' } ]
311 verbose get saving generator-angularexpress to /Users/wgoodall2019/.npm/registry.npmjs.org/generator-angularexpress/.cache.json
312 verbose correctMkdir /Users/wgoodall2019/.npm correctMkdir not in flight; initializing
313 http 200 https://registry.npmjs.org/generator-electron
314 verbose headers { server: 'nginx/1.10.1',
314 verbose headers   'content-type': 'application/json',
314 verbose headers   'last-modified': 'Wed, 23 Nov 2016 15:50:31 GMT',
314 verbose headers   etag: 'W/"5835bac7-96fe"',
314 verbose headers   'content-encoding': 'gzip',
314 verbose headers   'cache-control': 'max-age=300',
314 verbose headers   'content-length': '3899',
314 verbose headers   'accept-ranges': 'bytes',
314 verbose headers   date: 'Tue, 07 Feb 2017 22:28:39 GMT',
314 verbose headers   via: '1.1 varnish',
314 verbose headers   age: '0',
314 verbose headers   connection: 'keep-alive',
314 verbose headers   'x-served-by': 'cache-jfk8150-JFK',
314 verbose headers   'x-cache': 'MISS',
314 verbose headers   'x-cache-hits': '0',
314 verbose headers   'x-timer': 'S1486506519.583003,VS0,VE52',
314 verbose headers   vary: 'Accept-Encoding' }
315 silly get cb [ 200,
315 silly get   { server: 'nginx/1.10.1',
315 silly get     'content-type': 'application/json',
315 silly get     'last-modified': 'Wed, 23 Nov 2016 15:50:31 GMT',
315 silly get     etag: 'W/"5835bac7-96fe"',
315 silly get     'content-encoding': 'gzip',
315 silly get     'cache-control': 'max-age=300',
315 silly get     'content-length': '3899',
315 silly get     'accept-ranges': 'bytes',
315 silly get     date: 'Tue, 07 Feb 2017 22:28:39 GMT',
315 silly get     via: '1.1 varnish',
315 silly get     age: '0',
315 silly get     connection: 'keep-alive',
315 silly get     'x-served-by': 'cache-jfk8150-JFK',
315 silly get     'x-cache': 'MISS',
315 silly get     'x-cache-hits': '0',
315 silly get     'x-timer': 'S1486506519.583003,VS0,VE52',
315 silly get     vary: 'Accept-Encoding' } ]
316 verbose get saving generator-electron to /Users/wgoodall2019/.npm/registry.npmjs.org/generator-electron/.cache.json
317 verbose correctMkdir /Users/wgoodall2019/.npm correctMkdir not in flight; initializing
318 http 200 https://registry.npmjs.org/yo
319 verbose headers { server: 'nginx/1.10.1',
319 verbose headers   'content-type': 'application/json',
319 verbose headers   'last-modified': 'Tue, 07 Feb 2017 11:21:10 GMT',
319 verbose headers   etag: 'W/"5899ada6-11629"',
319 verbose headers   'content-encoding': 'gzip',
319 verbose headers   'cache-control': 'max-age=300',
319 verbose headers   'content-length': '9703',
319 verbose headers   'accept-ranges': 'bytes',
319 verbose headers   date: 'Tue, 07 Feb 2017 22:28:39 GMT',
319 verbose headers   via: '1.1 varnish',
319 verbose headers   age: '0',
319 verbose headers   connection: 'keep-alive',
319 verbose headers   'x-served-by': 'cache-jfk8135-JFK',
319 verbose headers   'x-cache': 'HIT',
319 verbose headers   'x-cache-hits': '1',
319 verbose headers   'x-timer': 'S1486506519.583087,VS0,VE26',
319 verbose headers   vary: 'Accept-Encoding' }
320 silly get cb [ 200,
320 silly get   { server: 'nginx/1.10.1',
320 silly get     'content-type': 'application/json',
320 silly get     'last-modified': 'Tue, 07 Feb 2017 11:21:10 GMT',
320 silly get     etag: 'W/"5899ada6-11629"',
320 silly get     'content-encoding': 'gzip',
320 silly get     'cache-control': 'max-age=300',
320 silly get     'content-length': '9703',
320 silly get     'accept-ranges': 'bytes',
320 silly get     date: 'Tue, 07 Feb 2017 22:28:39 GMT',
320 silly get     via: '1.1 varnish',
320 silly get     age: '0',
320 silly get     connection: 'keep-alive',
320 silly get     'x-served-by': 'cache-jfk8135-JFK',
320 silly get     'x-cache': 'HIT',
320 silly get     'x-cache-hits': '1',
320 silly get     'x-timer': 'S1486506519.583087,VS0,VE26',
320 silly get     vary: 'Accept-Encoding' } ]
321 verbose get saving yo to /Users/wgoodall2019/.npm/registry.npmjs.org/yo/.cache.json
322 verbose correctMkdir /Users/wgoodall2019/.npm correctMkdir not in flight; initializing
323 http 200 https://registry.npmjs.org/electron-prebuilt
324 verbose headers { server: 'nginx/1.10.1',
324 verbose headers   'content-type': 'application/json',
324 verbose headers   'last-modified': 'Wed, 25 Jan 2017 04:25:41 GMT',
324 verbose headers   etag: 'W/"588828c5-35296"',
324 verbose headers   'content-encoding': 'gzip',
324 verbose headers   'cache-control': 'max-age=300',
324 verbose headers   'content-length': '15589',
324 verbose headers   'accept-ranges': 'bytes',
324 verbose headers   date: 'Tue, 07 Feb 2017 22:28:39 GMT',
324 verbose headers   via: '1.1 varnish',
324 verbose headers   age: '0',
324 verbose headers   connection: 'keep-alive',
324 verbose headers   'x-served-by': 'cache-jfk8145-JFK',
324 verbose headers   'x-cache': 'HIT',
324 verbose headers   'x-cache-hits': '1',
324 verbose headers   'x-timer': 'S1486506519.409596,VS0,VE70',
324 verbose headers   vary: 'Accept-Encoding' }
325 silly get cb [ 200,
325 silly get   { server: 'nginx/1.10.1',
325 silly get     'content-type': 'application/json',
325 silly get     'last-modified': 'Wed, 25 Jan 2017 04:25:41 GMT',
325 silly get     etag: 'W/"588828c5-35296"',
325 silly get     'content-encoding': 'gzip',
325 silly get     'cache-control': 'max-age=300',
325 silly get     'content-length': '15589',
325 silly get     'accept-ranges': 'bytes',
325 silly get     date: 'Tue, 07 Feb 2017 22:28:39 GMT',
325 silly get     via: '1.1 varnish',
325 silly get     age: '0',
325 silly get     connection: 'keep-alive',
325 silly get     'x-served-by': 'cache-jfk8145-JFK',
325 silly get     'x-cache': 'HIT',
325 silly get     'x-cache-hits': '1',
325 silly get     'x-timer': 'S1486506519.409596,VS0,VE70',
325 silly get     vary: 'Accept-Encoding' } ]
326 verbose get saving electron-prebuilt to /Users/wgoodall2019/.npm/registry.npmjs.org/electron-prebuilt/.cache.json
327 verbose correctMkdir /Users/wgoodall2019/.npm correctMkdir not in flight; initializing
328 http 200 https://registry.npmjs.org/gulp
329 verbose headers { server: 'nginx/1.10.1',
329 verbose headers   'content-type': 'application/json',
329 verbose headers   'last-modified': 'Tue, 07 Feb 2017 19:07:56 GMT',
329 verbose headers   etag: 'W/"589a1b0c-1cd91"',
329 verbose headers   'content-encoding': 'gzip',
329 verbose headers   'cache-control': 'max-age=300',
329 verbose headers   'content-length': '17074',
329 verbose headers   'accept-ranges': 'bytes',
329 verbose headers   date: 'Tue, 07 Feb 2017 22:28:39 GMT',
329 verbose headers   via: '1.1 varnish',
329 verbose headers   age: '183',
329 verbose headers   connection: 'keep-alive',
329 verbose headers   'x-served-by': 'cache-jfk8146-JFK',
329 verbose headers   'x-cache': 'HIT',
329 verbose headers   'x-cache-hits': '3',
329 verbose headers   'x-timer': 'S1486506519.584843,VS0,VE0',
329 verbose headers   vary: 'Accept-Encoding' }
330 silly get cb [ 200,
330 silly get   { server: 'nginx/1.10.1',
330 silly get     'content-type': 'application/json',
330 silly get     'last-modified': 'Tue, 07 Feb 2017 19:07:56 GMT',
330 silly get     etag: 'W/"589a1b0c-1cd91"',
330 silly get     'content-encoding': 'gzip',
330 silly get     'cache-control': 'max-age=300',
330 silly get     'content-length': '17074',
330 silly get     'accept-ranges': 'bytes',
330 silly get     date: 'Tue, 07 Feb 2017 22:28:39 GMT',
330 silly get     via: '1.1 varnish',
330 silly get     age: '183',
330 silly get     connection: 'keep-alive',
330 silly get     'x-served-by': 'cache-jfk8146-JFK',
330 silly get     'x-cache': 'HIT',
330 silly get     'x-cache-hits': '3',
330 silly get     'x-timer': 'S1486506519.584843,VS0,VE0',
330 silly get     vary: 'Accept-Encoding' } ]
331 verbose get saving gulp to /Users/wgoodall2019/.npm/registry.npmjs.org/gulp/.cache.json
332 verbose correctMkdir /Users/wgoodall2019/.npm correctMkdir not in flight; initializing
333 http 200 https://registry.npmjs.org/yarn
334 verbose headers { server: 'nginx/1.10.1',
334 verbose headers   'content-type': 'application/json',
334 verbose headers   'last-modified': 'Tue, 07 Feb 2017 08:48:29 GMT',
334 verbose headers   etag: 'W/"589989dd-13183"',
334 verbose headers   'content-encoding': 'gzip',
334 verbose headers   'cache-control': 'max-age=300',
334 verbose headers   'content-length': '6399',
334 verbose headers   'accept-ranges': 'bytes',
334 verbose headers   date: 'Tue, 07 Feb 2017 22:28:39 GMT',
334 verbose headers   via: '1.1 varnish',
334 verbose headers   age: '0',
334 verbose headers   connection: 'keep-alive',
334 verbose headers   'x-served-by': 'cache-jfk8124-JFK',
334 verbose headers   'x-cache': 'HIT',
334 verbose headers   'x-cache-hits': '1',
334 verbose headers   'x-timer': 'S1486506519.639345,VS0,VE23',
334 verbose headers   vary: 'Accept-Encoding' }
335 silly get cb [ 200,
335 silly get   { server: 'nginx/1.10.1',
335 silly get     'content-type': 'application/json',
335 silly get     'last-modified': 'Tue, 07 Feb 2017 08:48:29 GMT',
335 silly get     etag: 'W/"589989dd-13183"',
335 silly get     'content-encoding': 'gzip',
335 silly get     'cache-control': 'max-age=300',
335 silly get     'content-length': '6399',
335 silly get     'accept-ranges': 'bytes',
335 silly get     date: 'Tue, 07 Feb 2017 22:28:39 GMT',
335 silly get     via: '1.1 varnish',
335 silly get     age: '0',
335 silly get     connection: 'keep-alive',
335 silly get     'x-served-by': 'cache-jfk8124-JFK',
335 silly get     'x-cache': 'HIT',
335 silly get     'x-cache-hits': '1',
335 silly get     'x-timer': 'S1486506519.639345,VS0,VE23',
335 silly get     vary: 'Accept-Encoding' } ]
336 verbose get saving yarn to /Users/wgoodall2019/.npm/registry.npmjs.org/yarn/.cache.json
337 verbose correctMkdir /Users/wgoodall2019/.npm correctMkdir not in flight; initializing
338 http 404 https://registry.npmjs.org/biblet
339 verbose headers { 'content-type': 'application/json',
339 verbose headers   'cache-control': 'max-age=0',
339 verbose headers   'content-length': '2',
339 verbose headers   'accept-ranges': 'bytes',
339 verbose headers   date: 'Tue, 07 Feb 2017 22:28:39 GMT',
339 verbose headers   via: '1.1 varnish',
339 verbose headers   age: '0',
339 verbose headers   connection: 'keep-alive',
339 verbose headers   'x-served-by': 'cache-jfk8123-JFK',
339 verbose headers   'x-cache': 'MISS',
339 verbose headers   'x-cache-hits': '0',
339 verbose headers   'x-timer': 'S1486506519.414958,VS0,VE317',
339 verbose headers   vary: 'Accept-Encoding' }
340 silly get cb [ 404,
340 silly get   { 'content-type': 'application/json',
340 silly get     'cache-control': 'max-age=0',
340 silly get     'content-length': '2',
340 silly get     'accept-ranges': 'bytes',
340 silly get     date: 'Tue, 07 Feb 2017 22:28:39 GMT',
340 silly get     via: '1.1 varnish',
340 silly get     age: '0',
340 silly get     connection: 'keep-alive',
340 silly get     'x-served-by': 'cache-jfk8123-JFK',
340 silly get     'x-cache': 'MISS',
340 silly get     'x-cache-hits': '0',
340 silly get     'x-timer': 'S1486506519.414958,VS0,VE317',
340 silly get     vary: 'Accept-Encoding' } ]
341 http 200 https://registry.npmjs.org/webpack-dev-server
342 verbose headers { server: 'nginx/1.10.1',
342 verbose headers   'content-type': 'application/json',
342 verbose headers   'last-modified': 'Fri, 03 Feb 2017 16:31:36 GMT',
342 verbose headers   etag: 'W/"5894b068-28f07"',
342 verbose headers   'content-encoding': 'gzip',
342 verbose headers   'cache-control': 'max-age=300',
342 verbose headers   'content-length': '12487',
342 verbose headers   'accept-ranges': 'bytes',
342 verbose headers   date: 'Tue, 07 Feb 2017 22:28:39 GMT',
342 verbose headers   via: '1.1 varnish',
342 verbose headers   age: '295',
342 verbose headers   connection: 'keep-alive',
342 verbose headers   'x-served-by': 'cache-jfk8131-JFK',
342 verbose headers   'x-cache': 'HIT',
342 verbose headers   'x-cache-hits': '2',
342 verbose headers   'x-timer': 'S1486506519.633633,VS0,VE0',
342 verbose headers   vary: 'Accept-Encoding' }
343 silly get cb [ 200,
343 silly get   { server: 'nginx/1.10.1',
343 silly get     'content-type': 'application/json',
343 silly get     'last-modified': 'Fri, 03 Feb 2017 16:31:36 GMT',
343 silly get     etag: 'W/"5894b068-28f07"',
343 silly get     'content-encoding': 'gzip',
343 silly get     'cache-control': 'max-age=300',
343 silly get     'content-length': '12487',
343 silly get     'accept-ranges': 'bytes',
343 silly get     date: 'Tue, 07 Feb 2017 22:28:39 GMT',
343 silly get     via: '1.1 varnish',
343 silly get     age: '295',
343 silly get     connection: 'keep-alive',
343 silly get     'x-served-by': 'cache-jfk8131-JFK',
343 silly get     'x-cache': 'HIT',
343 silly get     'x-cache-hits': '2',
343 silly get     'x-timer': 'S1486506519.633633,VS0,VE0',
343 silly get     vary: 'Accept-Encoding' } ]
344 verbose get saving webpack-dev-server to /Users/wgoodall2019/.npm/registry.npmjs.org/webpack-dev-server/.cache.json
345 verbose correctMkdir /Users/wgoodall2019/.npm correctMkdir not in flight; initializing
346 http 200 https://registry.npmjs.org/nodemon
347 verbose headers { server: 'nginx/1.10.1',
347 verbose headers   'content-type': 'application/json',
347 verbose headers   'last-modified': 'Mon, 06 Feb 2017 22:10:39 GMT',
347 verbose headers   etag: 'W/"5898f45f-30d72"',
347 verbose headers   'content-encoding': 'gzip',
347 verbose headers   'cache-control': 'max-age=300',
347 verbose headers   'content-length': '20551',
347 verbose headers   'accept-ranges': 'bytes',
347 verbose headers   date: 'Tue, 07 Feb 2017 22:28:39 GMT',
347 verbose headers   via: '1.1 varnish',
347 verbose headers   age: '24',
347 verbose headers   connection: 'keep-alive',
347 verbose headers   'x-served-by': 'cache-jfk8141-JFK',
347 verbose headers   'x-cache': 'HIT',
347 verbose headers   'x-cache-hits': '1',
347 verbose headers   'x-timer': 'S1486506519.583239,VS0,VE0',
347 verbose headers   vary: 'Accept-Encoding' }
348 silly get cb [ 200,
348 silly get   { server: 'nginx/1.10.1',
348 silly get     'content-type': 'application/json',
348 silly get     'last-modified': 'Mon, 06 Feb 2017 22:10:39 GMT',
348 silly get     etag: 'W/"5898f45f-30d72"',
348 silly get     'content-encoding': 'gzip',
348 silly get     'cache-control': 'max-age=300',
348 silly get     'content-length': '20551',
348 silly get     'accept-ranges': 'bytes',
348 silly get     date: 'Tue, 07 Feb 2017 22:28:39 GMT',
348 silly get     via: '1.1 varnish',
348 silly get     age: '24',
348 silly get     connection: 'keep-alive',
348 silly get     'x-served-by': 'cache-jfk8141-JFK',
348 silly get     'x-cache': 'HIT',
348 silly get     'x-cache-hits': '1',
348 silly get     'x-timer': 'S1486506519.583239,VS0,VE0',
348 silly get     vary: 'Accept-Encoding' } ]
349 verbose get saving nodemon to /Users/wgoodall2019/.npm/registry.npmjs.org/nodemon/.cache.json
350 verbose correctMkdir /Users/wgoodall2019/.npm correctMkdir not in flight; initializing
351 http 200 https://registry.npmjs.org/tslint
352 verbose headers { server: 'nginx/1.10.1',
352 verbose headers   'content-type': 'application/json',
352 verbose headers   'last-modified': 'Thu, 26 Jan 2017 14:40:18 GMT',
352 verbose headers   etag: 'W/"588a0a52-3af9c"',
352 verbose headers   'content-encoding': 'gzip',
352 verbose headers   'cache-control': 'max-age=300',
352 verbose headers   'content-length': '22567',
352 verbose headers   'accept-ranges': 'bytes',
352 verbose headers   date: 'Tue, 07 Feb 2017 22:28:39 GMT',
352 verbose headers   via: '1.1 varnish',
352 verbose headers   age: '223',
352 verbose headers   connection: 'keep-alive',
352 verbose headers   'x-served-by': 'cache-jfk8149-JFK',
352 verbose headers   'x-cache': 'HIT',
352 verbose headers   'x-cache-hits': '1',
352 verbose headers   'x-timer': 'S1486506519.588250,VS0,VE0',
352 verbose headers   vary: 'Accept-Encoding' }
353 silly get cb [ 200,
353 silly get   { server: 'nginx/1.10.1',
353 silly get     'content-type': 'application/json',
353 silly get     'last-modified': 'Thu, 26 Jan 2017 14:40:18 GMT',
353 silly get     etag: 'W/"588a0a52-3af9c"',
353 silly get     'content-encoding': 'gzip',
353 silly get     'cache-control': 'max-age=300',
353 silly get     'content-length': '22567',
353 silly get     'accept-ranges': 'bytes',
353 silly get     date: 'Tue, 07 Feb 2017 22:28:39 GMT',
353 silly get     via: '1.1 varnish',
353 silly get     age: '223',
353 silly get     connection: 'keep-alive',
353 silly get     'x-served-by': 'cache-jfk8149-JFK',
353 silly get     'x-cache': 'HIT',
353 silly get     'x-cache-hits': '1',
353 silly get     'x-timer': 'S1486506519.588250,VS0,VE0',
353 silly get     vary: 'Accept-Encoding' } ]
354 verbose get saving tslint to /Users/wgoodall2019/.npm/registry.npmjs.org/tslint/.cache.json
355 verbose correctMkdir /Users/wgoodall2019/.npm correctMkdir not in flight; initializing
356 http 200 https://registry.npmjs.org/express
357 verbose headers { server: 'nginx/1.10.1',
357 verbose headers   'content-type': 'application/json',
357 verbose headers   'last-modified': 'Tue, 07 Feb 2017 19:07:18 GMT',
357 verbose headers   etag: 'W/"589a1ae6-87367"',
357 verbose headers   'content-encoding': 'gzip',
357 verbose headers   'cache-control': 'max-age=300',
357 verbose headers   'content-length': '41798',
357 verbose headers   'accept-ranges': 'bytes',
357 verbose headers   date: 'Tue, 07 Feb 2017 22:28:39 GMT',
357 verbose headers   via: '1.1 varnish',
357 verbose headers   age: '21',
357 verbose headers   connection: 'keep-alive',
357 verbose headers   'x-served-by': 'cache-jfk8120-JFK',
357 verbose headers   'x-cache': 'HIT',
357 verbose headers   'x-cache-hits': '1',
357 verbose headers   'x-timer': 'S1486506519.578347,VS0,VE0',
357 verbose headers   vary: 'Accept-Encoding' }
358 silly get cb [ 200,
358 silly get   { server: 'nginx/1.10.1',
358 silly get     'content-type': 'application/json',
358 silly get     'last-modified': 'Tue, 07 Feb 2017 19:07:18 GMT',
358 silly get     etag: 'W/"589a1ae6-87367"',
358 silly get     'content-encoding': 'gzip',
358 silly get     'cache-control': 'max-age=300',
358 silly get     'content-length': '41798',
358 silly get     'accept-ranges': 'bytes',
358 silly get     date: 'Tue, 07 Feb 2017 22:28:39 GMT',
358 silly get     via: '1.1 varnish',
358 silly get     age: '21',
358 silly get     connection: 'keep-alive',
358 silly get     'x-served-by': 'cache-jfk8120-JFK',
358 silly get     'x-cache': 'HIT',
358 silly get     'x-cache-hits': '1',
358 silly get     'x-timer': 'S1486506519.578347,VS0,VE0',
358 silly get     vary: 'Accept-Encoding' } ]
359 verbose get saving express to /Users/wgoodall2019/.npm/registry.npmjs.org/express/.cache.json
360 verbose correctMkdir /Users/wgoodall2019/.npm correctMkdir not in flight; initializing
361 http 200 https://registry.npmjs.org/webpack
362 verbose headers { server: 'nginx/1.10.1',
362 verbose headers   'content-type': 'application/json',
362 verbose headers   'last-modified': 'Tue, 07 Feb 2017 07:05:39 GMT',
362 verbose headers   etag: 'W/"589971c3-e4a61"',
362 verbose headers   'content-encoding': 'gzip',
362 verbose headers   'cache-control': 'max-age=300',
362 verbose headers   'content-length': '48594',
362 verbose headers   'accept-ranges': 'bytes',
362 verbose headers   date: 'Tue, 07 Feb 2017 22:28:39 GMT',
362 verbose headers   via: '1.1 varnish',
362 verbose headers   age: '224',
362 verbose headers   connection: 'keep-alive',
362 verbose headers   'x-served-by': 'cache-jfk8123-JFK',
362 verbose headers   'x-cache': 'HIT',
362 verbose headers   'x-cache-hits': '7',
362 verbose headers   'x-timer': 'S1486506519.588266,VS0,VE0',
362 verbose headers   vary: 'Accept-Encoding' }
363 silly get cb [ 200,
363 silly get   { server: 'nginx/1.10.1',
363 silly get     'content-type': 'application/json',
363 silly get     'last-modified': 'Tue, 07 Feb 2017 07:05:39 GMT',
363 silly get     etag: 'W/"589971c3-e4a61"',
363 silly get     'content-encoding': 'gzip',
363 silly get     'cache-control': 'max-age=300',
363 silly get     'content-length': '48594',
363 silly get     'accept-ranges': 'bytes',
363 silly get     date: 'Tue, 07 Feb 2017 22:28:39 GMT',
363 silly get     via: '1.1 varnish',
363 silly get     age: '224',
363 silly get     connection: 'keep-alive',
363 silly get     'x-served-by': 'cache-jfk8123-JFK',
363 silly get     'x-cache': 'HIT',
363 silly get     'x-cache-hits': '7',
363 silly get     'x-timer': 'S1486506519.588266,VS0,VE0',
363 silly get     vary: 'Accept-Encoding' } ]
364 verbose get saving webpack to /Users/wgoodall2019/.npm/registry.npmjs.org/webpack/.cache.json
365 verbose correctMkdir /Users/wgoodall2019/.npm correctMkdir not in flight; initializing
366 http 200 https://registry.npmjs.org/gatsby
367 verbose headers { server: 'nginx/1.10.1',
367 verbose headers   'content-type': 'application/json',
367 verbose headers   'last-modified': 'Tue, 07 Feb 2017 20:43:32 GMT',
367 verbose headers   etag: 'W/"589a3174-aada2"',
367 verbose headers   'content-encoding': 'gzip',
367 verbose headers   'cache-control': 'max-age=300',
367 verbose headers   'content-length': '39322',
367 verbose headers   'accept-ranges': 'bytes',
367 verbose headers   date: 'Tue, 07 Feb 2017 22:28:39 GMT',
367 verbose headers   via: '1.1 varnish',
367 verbose headers   age: '0',
367 verbose headers   connection: 'keep-alive',
367 verbose headers   'x-served-by': 'cache-jfk8127-JFK',
367 verbose headers   'x-cache': 'MISS',
367 verbose headers   'x-cache-hits': '0',
367 verbose headers   'x-timer': 'S1486506519.578240,VS0,VE86',
367 verbose headers   vary: 'Accept-Encoding' }
368 silly get cb [ 200,
368 silly get   { server: 'nginx/1.10.1',
368 silly get     'content-type': 'application/json',
368 silly get     'last-modified': 'Tue, 07 Feb 2017 20:43:32 GMT',
368 silly get     etag: 'W/"589a3174-aada2"',
368 silly get     'content-encoding': 'gzip',
368 silly get     'cache-control': 'max-age=300',
368 silly get     'content-length': '39322',
368 silly get     'accept-ranges': 'bytes',
368 silly get     date: 'Tue, 07 Feb 2017 22:28:39 GMT',
368 silly get     via: '1.1 varnish',
368 silly get     age: '0',
368 silly get     connection: 'keep-alive',
368 silly get     'x-served-by': 'cache-jfk8127-JFK',
368 silly get     'x-cache': 'MISS',
368 silly get     'x-cache-hits': '0',
368 silly get     'x-timer': 'S1486506519.578240,VS0,VE86',
368 silly get     vary: 'Accept-Encoding' } ]
369 verbose get saving gatsby to /Users/wgoodall2019/.npm/registry.npmjs.org/gatsby/.cache.json
370 verbose correctMkdir /Users/wgoodall2019/.npm correctMkdir not in flight; initializing
371 http 200 https://registry.npmjs.org/typescript
372 verbose headers { server: 'nginx/1.10.1',
372 verbose headers   'content-type': 'application/json',
372 verbose headers   'last-modified': 'Tue, 07 Feb 2017 07:13:20 GMT',
372 verbose headers   etag: 'W/"58997390-142199"',
372 verbose headers   'content-encoding': 'gzip',
372 verbose headers   'cache-control': 'max-age=300',
372 verbose headers   'content-length': '67022',
372 verbose headers   'accept-ranges': 'bytes',
372 verbose headers   date: 'Tue, 07 Feb 2017 22:28:39 GMT',
372 verbose headers   via: '1.1 varnish',
372 verbose headers   age: '267',
372 verbose headers   connection: 'keep-alive',
372 verbose headers   'x-served-by': 'cache-jfk8128-JFK',
372 verbose headers   'x-cache': 'HIT',
372 verbose headers   'x-cache-hits': '2',
372 verbose headers   'x-timer': 'S1486506519.588353,VS0,VE0',
372 verbose headers   vary: 'Accept-Encoding' }
373 silly get cb [ 200,
373 silly get   { server: 'nginx/1.10.1',
373 silly get     'content-type': 'application/json',
373 silly get     'last-modified': 'Tue, 07 Feb 2017 07:13:20 GMT',
373 silly get     etag: 'W/"58997390-142199"',
373 silly get     'content-encoding': 'gzip',
373 silly get     'cache-control': 'max-age=300',
373 silly get     'content-length': '67022',
373 silly get     'accept-ranges': 'bytes',
373 silly get     date: 'Tue, 07 Feb 2017 22:28:39 GMT',
373 silly get     via: '1.1 varnish',
373 silly get     age: '267',
373 silly get     connection: 'keep-alive',
373 silly get     'x-served-by': 'cache-jfk8128-JFK',
373 silly get     'x-cache': 'HIT',
373 silly get     'x-cache-hits': '2',
373 silly get     'x-timer': 'S1486506519.588353,VS0,VE0',
373 silly get     vary: 'Accept-Encoding' } ]
374 verbose get saving typescript to /Users/wgoodall2019/.npm/registry.npmjs.org/typescript/.cache.json
375 verbose correctMkdir /Users/wgoodall2019/.npm correctMkdir not in flight; initializing
376 http 200 https://registry.npmjs.org/npm
377 verbose headers { server: 'nginx/1.10.1',
377 verbose headers   'content-type': 'application/json',
377 verbose headers   'last-modified': 'Thu, 26 Jan 2017 13:03:00 GMT',
377 verbose headers   etag: 'W/"5889f384-5bb1a2"',
377 verbose headers   'content-encoding': 'gzip',
377 verbose headers   'cache-control': 'max-age=300',
377 verbose headers   'content-length': '358713',
377 verbose headers   'accept-ranges': 'bytes',
377 verbose headers   date: 'Tue, 07 Feb 2017 22:28:39 GMT',
377 verbose headers   via: '1.1 varnish',
377 verbose headers   age: '292',
377 verbose headers   connection: 'keep-alive',
377 verbose headers   'x-served-by': 'cache-jfk8132-JFK',
377 verbose headers   'x-cache': 'HIT',
377 verbose headers   'x-cache-hits': '1',
377 verbose headers   'x-timer': 'S1486506519.787076,VS0,VE1',
377 verbose headers   vary: 'Accept-Encoding' }
378 silly get cb [ 200,
378 silly get   { server: 'nginx/1.10.1',
378 silly get     'content-type': 'application/json',
378 silly get     'last-modified': 'Thu, 26 Jan 2017 13:03:00 GMT',
378 silly get     etag: 'W/"5889f384-5bb1a2"',
378 silly get     'content-encoding': 'gzip',
378 silly get     'cache-control': 'max-age=300',
378 silly get     'content-length': '358713',
378 silly get     'accept-ranges': 'bytes',
378 silly get     date: 'Tue, 07 Feb 2017 22:28:39 GMT',
378 silly get     via: '1.1 varnish',
378 silly get     age: '292',
378 silly get     connection: 'keep-alive',
378 silly get     'x-served-by': 'cache-jfk8132-JFK',
378 silly get     'x-cache': 'HIT',
378 silly get     'x-cache-hits': '1',
378 silly get     'x-timer': 'S1486506519.787076,VS0,VE1',
378 silly get     vary: 'Accept-Encoding' } ]
379 verbose get saving npm to /Users/wgoodall2019/.npm/registry.npmjs.org/npm/.cache.json
380 verbose correctMkdir /Users/wgoodall2019/.npm correctMkdir not in flight; initializing
381 verbose stack Error: Registry returned 404 for GET on https://registry.npmjs.org/biblet
381 verbose stack     at makeError (/usr/local/lib/node_modules/npm/node_modules/npm-registry-client/lib/request.js:304:12)
381 verbose stack     at CachingRegistryClient.<anonymous> (/usr/local/lib/node_modules/npm/node_modules/npm-registry-client/lib/request.js:282:14)
381 verbose stack     at Request._callback (/usr/local/lib/node_modules/npm/node_modules/npm-registry-client/lib/request.js:212:14)
381 verbose stack     at Request.self.callback (/usr/local/lib/node_modules/npm/node_modules/request/request.js:186:22)
381 verbose stack     at emitTwo (events.js:106:13)
381 verbose stack     at Request.emit (events.js:192:7)
381 verbose stack     at Request.<anonymous> (/usr/local/lib/node_modules/npm/node_modules/request/request.js:1081:10)
381 verbose stack     at emitOne (events.js:96:13)
381 verbose stack     at Request.emit (events.js:189:7)
381 verbose stack     at IncomingMessage.<anonymous> (/usr/local/lib/node_modules/npm/node_modules/request/request.js:1001:12)
382 verbose statusCode 404
383 verbose pkgid biblet
384 verbose cwd /Users/wgoodall2019/Dev/agile-youth
385 error Darwin 15.6.0
386 error argv "/usr/local/Cellar/node/7.5.0/bin/node" "/usr/local/bin/npm" "upgrade" "-g"
387 error node v7.5.0
388 error npm  v4.1.2
389 error code E404
390 error 404 Registry returned 404 for GET on https://registry.npmjs.org/biblet
391 error 404
392 error 404 'biblet' is not in the npm registry.
393 error 404 You should bug the author to publish it (or use the name yourself!)
394 error 404 Note that you can also install from a
395 error 404 tarball, folder, http url, or git url.
396 verbose exit [ 1, true ]
